 
****************************************
Report : area
Design : FIR
Version: I-2013.12-SP5-5
Date   : Mon May 14 20:45:09 2018
****************************************

Library(s) Used:

    NangateOpenCellLibrary (File: /afs/ee.ust.hk/staff/ee/dept/public/elec516/eesm_5020_2017spring/eesm_5020/lib/NangateOpenCellLibrary_PDKv1_3_v2010_12/Front_End/Liberty/NLDM/NangateOpenCellLibrary_slow.db)

Number of ports:                           24
Number of nets:                           870
Number of cells:                          611
Number of combinational cells:            404
Number of sequential cells:               198
Number of macros/black boxes:               0
Number of buf/inv:                        168
Number of references:                      22

Combinational area:               2800.714013
Buf/Inv area:                      353.780003
Noncombinational area:            2643.508070
Macro/Black Box area:                0.000000
Net Interconnect area:      undefined  (Wire load has zero net area)

Total cell area:                  5444.222083
Total area:                 undefined
1
