 
****************************************
Report : timing
        -path full
        -delay max
        -nets
        -max_paths 1
        -transition_time
Design : RCA_adder
Version: I-2013.12-SP5-5
Date   : Thu May 10 19:57:51 2018
****************************************

Operating Conditions: slow   Library: NangateOpenCellLibrary
Wire Load Model Mode: top

  Startpoint: add_2[0] (input port clocked by VCLK)
  Endpoint: c_out (output port clocked by VCLK)
  Path Group: FEEDTHROUGH
  Path Type: max

  Des/Clust/Port     Wire Load Model       Library
  ------------------------------------------------
  RCA_adder          5K_hvratio_1_1        NangateOpenCellLibrary

Attributes:
    d - dont_touch
    u - dont_use
   mo - map_only
   so - size_only
    i - ideal_net or ideal_network
  inf - infeasible path

  Point                                       Fanout     Trans      Incr       Path      Attributes
  ---------------------------------------------------------------------------------------------------------
  clock VCLK (rise edge)                                            0.00       0.00
  clock network delay (ideal)                                       0.00       0.00
  input external delay                                              0.00       0.00 f
  add_2[0] (in)                                           0.10      0.00       0.00 f
  add_2[0] (net)                                2                   0.00       0.00 f
  add_chain_0__one_bit_full_adder_inst/add_2 (one_bit_full_adder_0)     0.00     0.00 f
  add_chain_0__one_bit_full_adder_inst/add_2 (net)                  0.00       0.00 f
  add_chain_0__one_bit_full_adder_inst/U4/Z (XOR2_X1)     0.04      0.27       0.27 f
  add_chain_0__one_bit_full_adder_inst/n2 (net)     2               0.00       0.27 f
  add_chain_0__one_bit_full_adder_inst/U2/ZN (AOI22_X1)     0.10     0.18      0.45 r
  add_chain_0__one_bit_full_adder_inst/n3 (net)     1               0.00       0.45 r
  add_chain_0__one_bit_full_adder_inst/U1/ZN (INV_X1)     0.03      0.07       0.52 f
  add_chain_0__one_bit_full_adder_inst/c_out (net)     2            0.00       0.52 f
  add_chain_0__one_bit_full_adder_inst/c_out (one_bit_full_adder_0)     0.00     0.52 f
  temp_carry[1] (net)                                               0.00       0.52 f
  add_chain_1__one_bit_full_adder_inst/c_in (one_bit_full_adder_15)     0.00     0.52 f
  add_chain_1__one_bit_full_adder_inst/c_in (net)                   0.00       0.52 f
  add_chain_1__one_bit_full_adder_inst/U2/ZN (AOI22_X1)     0.10     0.19      0.71 r
  add_chain_1__one_bit_full_adder_inst/n1 (net)     1               0.00       0.71 r
  add_chain_1__one_bit_full_adder_inst/U1/ZN (INV_X1)     0.03      0.07       0.77 f
  add_chain_1__one_bit_full_adder_inst/c_out (net)     2            0.00       0.77 f
  add_chain_1__one_bit_full_adder_inst/c_out (one_bit_full_adder_15)     0.00     0.77 f
  temp_carry[2] (net)                                               0.00       0.77 f
  add_chain_2__one_bit_full_adder_inst/c_in (one_bit_full_adder_14)     0.00     0.77 f
  add_chain_2__one_bit_full_adder_inst/c_in (net)                   0.00       0.77 f
  add_chain_2__one_bit_full_adder_inst/U2/ZN (AOI22_X1)     0.10     0.19      0.97 r
  add_chain_2__one_bit_full_adder_inst/n1 (net)     1               0.00       0.97 r
  add_chain_2__one_bit_full_adder_inst/U1/ZN (INV_X1)     0.03      0.07       1.03 f
  add_chain_2__one_bit_full_adder_inst/c_out (net)     2            0.00       1.03 f
  add_chain_2__one_bit_full_adder_inst/c_out (one_bit_full_adder_14)     0.00     1.03 f
  temp_carry[3] (net)                                               0.00       1.03 f
  add_chain_3__one_bit_full_adder_inst/c_in (one_bit_full_adder_13)     0.00     1.03 f
  add_chain_3__one_bit_full_adder_inst/c_in (net)                   0.00       1.03 f
  add_chain_3__one_bit_full_adder_inst/U2/ZN (AOI22_X1)     0.10     0.19      1.22 r
  add_chain_3__one_bit_full_adder_inst/n1 (net)     1               0.00       1.22 r
  add_chain_3__one_bit_full_adder_inst/U1/ZN (INV_X1)     0.03      0.07       1.29 f
  add_chain_3__one_bit_full_adder_inst/c_out (net)     2            0.00       1.29 f
  add_chain_3__one_bit_full_adder_inst/c_out (one_bit_full_adder_13)     0.00     1.29 f
  temp_carry[4] (net)                                               0.00       1.29 f
  add_chain_4__one_bit_full_adder_inst/c_in (one_bit_full_adder_12)     0.00     1.29 f
  add_chain_4__one_bit_full_adder_inst/c_in (net)                   0.00       1.29 f
  add_chain_4__one_bit_full_adder_inst/U2/ZN (AOI22_X1)     0.10     0.19      1.48 r
  add_chain_4__one_bit_full_adder_inst/n1 (net)     1               0.00       1.48 r
  add_chain_4__one_bit_full_adder_inst/U1/ZN (INV_X1)     0.03      0.07       1.55 f
  add_chain_4__one_bit_full_adder_inst/c_out (net)     2            0.00       1.55 f
  add_chain_4__one_bit_full_adder_inst/c_out (one_bit_full_adder_12)     0.00     1.55 f
  temp_carry[5] (net)                                               0.00       1.55 f
  add_chain_5__one_bit_full_adder_inst/c_in (one_bit_full_adder_11)     0.00     1.55 f
  add_chain_5__one_bit_full_adder_inst/c_in (net)                   0.00       1.55 f
  add_chain_5__one_bit_full_adder_inst/U2/ZN (AOI22_X1)     0.10     0.19      1.74 r
  add_chain_5__one_bit_full_adder_inst/n1 (net)     1               0.00       1.74 r
  add_chain_5__one_bit_full_adder_inst/U1/ZN (INV_X1)     0.03      0.07       1.80 f
  add_chain_5__one_bit_full_adder_inst/c_out (net)     2            0.00       1.80 f
  add_chain_5__one_bit_full_adder_inst/c_out (one_bit_full_adder_11)     0.00     1.80 f
  temp_carry[6] (net)                                               0.00       1.80 f
  add_chain_6__one_bit_full_adder_inst/c_in (one_bit_full_adder_10)     0.00     1.80 f
  add_chain_6__one_bit_full_adder_inst/c_in (net)                   0.00       1.80 f
  add_chain_6__one_bit_full_adder_inst/U2/ZN (AOI22_X1)     0.10     0.19      1.99 r
  add_chain_6__one_bit_full_adder_inst/n1 (net)     1               0.00       1.99 r
  add_chain_6__one_bit_full_adder_inst/U1/ZN (INV_X1)     0.03      0.07       2.06 f
  add_chain_6__one_bit_full_adder_inst/c_out (net)     2            0.00       2.06 f
  add_chain_6__one_bit_full_adder_inst/c_out (one_bit_full_adder_10)     0.00     2.06 f
  temp_carry[7] (net)                                               0.00       2.06 f
  add_chain_7__one_bit_full_adder_inst/c_in (one_bit_full_adder_9)     0.00     2.06 f
  add_chain_7__one_bit_full_adder_inst/c_in (net)                   0.00       2.06 f
  add_chain_7__one_bit_full_adder_inst/U2/ZN (AOI22_X1)     0.10     0.19      2.25 r
  add_chain_7__one_bit_full_adder_inst/n1 (net)     1               0.00       2.25 r
  add_chain_7__one_bit_full_adder_inst/U1/ZN (INV_X1)     0.03      0.07       2.32 f
  add_chain_7__one_bit_full_adder_inst/c_out (net)     2            0.00       2.32 f
  add_chain_7__one_bit_full_adder_inst/c_out (one_bit_full_adder_9)     0.00     2.32 f
  temp_carry[8] (net)                                               0.00       2.32 f
  add_chain_8__one_bit_full_adder_inst/c_in (one_bit_full_adder_8)     0.00     2.32 f
  add_chain_8__one_bit_full_adder_inst/c_in (net)                   0.00       2.32 f
  add_chain_8__one_bit_full_adder_inst/U2/ZN (AOI22_X1)     0.10     0.19      2.51 r
  add_chain_8__one_bit_full_adder_inst/n1 (net)     1               0.00       2.51 r
  add_chain_8__one_bit_full_adder_inst/U1/ZN (INV_X1)     0.03      0.07       2.57 f
  add_chain_8__one_bit_full_adder_inst/c_out (net)     2            0.00       2.57 f
  add_chain_8__one_bit_full_adder_inst/c_out (one_bit_full_adder_8)     0.00     2.57 f
  temp_carry[9] (net)                                               0.00       2.57 f
  add_chain_9__one_bit_full_adder_inst/c_in (one_bit_full_adder_7)     0.00     2.57 f
  add_chain_9__one_bit_full_adder_inst/c_in (net)                   0.00       2.57 f
  add_chain_9__one_bit_full_adder_inst/U2/ZN (AOI22_X1)     0.10     0.19      2.77 r
  add_chain_9__one_bit_full_adder_inst/n1 (net)     1               0.00       2.77 r
  add_chain_9__one_bit_full_adder_inst/U1/ZN (INV_X1)     0.03      0.07       2.83 f
  add_chain_9__one_bit_full_adder_inst/c_out (net)     2            0.00       2.83 f
  add_chain_9__one_bit_full_adder_inst/c_out (one_bit_full_adder_7)     0.00     2.83 f
  temp_carry[10] (net)                                              0.00       2.83 f
  add_chain_10__one_bit_full_adder_inst/c_in (one_bit_full_adder_6)     0.00     2.83 f
  add_chain_10__one_bit_full_adder_inst/c_in (net)                  0.00       2.83 f
  add_chain_10__one_bit_full_adder_inst/U2/ZN (AOI22_X1)     0.10     0.19     3.02 r
  add_chain_10__one_bit_full_adder_inst/n1 (net)     1              0.00       3.02 r
  add_chain_10__one_bit_full_adder_inst/U1/ZN (INV_X1)     0.03     0.07       3.09 f
  add_chain_10__one_bit_full_adder_inst/c_out (net)     2           0.00       3.09 f
  add_chain_10__one_bit_full_adder_inst/c_out (one_bit_full_adder_6)     0.00     3.09 f
  temp_carry[11] (net)                                              0.00       3.09 f
  add_chain_11__one_bit_full_adder_inst/c_in (one_bit_full_adder_5)     0.00     3.09 f
  add_chain_11__one_bit_full_adder_inst/c_in (net)                  0.00       3.09 f
  add_chain_11__one_bit_full_adder_inst/U2/ZN (AOI22_X1)     0.10     0.19     3.28 r
  add_chain_11__one_bit_full_adder_inst/n1 (net)     1              0.00       3.28 r
  add_chain_11__one_bit_full_adder_inst/U1/ZN (INV_X1)     0.03     0.07       3.35 f
  add_chain_11__one_bit_full_adder_inst/c_out (net)     2           0.00       3.35 f
  add_chain_11__one_bit_full_adder_inst/c_out (one_bit_full_adder_5)     0.00     3.35 f
  temp_carry[12] (net)                                              0.00       3.35 f
  add_chain_12__one_bit_full_adder_inst/c_in (one_bit_full_adder_4)     0.00     3.35 f
  add_chain_12__one_bit_full_adder_inst/c_in (net)                  0.00       3.35 f
  add_chain_12__one_bit_full_adder_inst/U2/ZN (AOI22_X1)     0.10     0.19     3.54 r
  add_chain_12__one_bit_full_adder_inst/n1 (net)     1              0.00       3.54 r
  add_chain_12__one_bit_full_adder_inst/U1/ZN (INV_X1)     0.03     0.07       3.60 f
  add_chain_12__one_bit_full_adder_inst/c_out (net)     2           0.00       3.60 f
  add_chain_12__one_bit_full_adder_inst/c_out (one_bit_full_adder_4)     0.00     3.60 f
  temp_carry[13] (net)                                              0.00       3.60 f
  add_chain_13__one_bit_full_adder_inst/c_in (one_bit_full_adder_3)     0.00     3.60 f
  add_chain_13__one_bit_full_adder_inst/c_in (net)                  0.00       3.60 f
  add_chain_13__one_bit_full_adder_inst/U2/ZN (AOI22_X1)     0.10     0.19     3.79 r
  add_chain_13__one_bit_full_adder_inst/n1 (net)     1              0.00       3.79 r
  add_chain_13__one_bit_full_adder_inst/U1/ZN (INV_X1)     0.03     0.07       3.86 f
  add_chain_13__one_bit_full_adder_inst/c_out (net)     2           0.00       3.86 f
  add_chain_13__one_bit_full_adder_inst/c_out (one_bit_full_adder_3)     0.00     3.86 f
  temp_carry[14] (net)                                              0.00       3.86 f
  add_chain_14__one_bit_full_adder_inst/c_in (one_bit_full_adder_2)     0.00     3.86 f
  add_chain_14__one_bit_full_adder_inst/c_in (net)                  0.00       3.86 f
  add_chain_14__one_bit_full_adder_inst/U2/ZN (AOI22_X1)     0.10     0.19     4.05 r
  add_chain_14__one_bit_full_adder_inst/n1 (net)     1              0.00       4.05 r
  add_chain_14__one_bit_full_adder_inst/U1/ZN (INV_X1)     0.03     0.07       4.12 f
  add_chain_14__one_bit_full_adder_inst/c_out (net)     2           0.00       4.12 f
  add_chain_14__one_bit_full_adder_inst/c_out (one_bit_full_adder_2)     0.00     4.12 f
  temp_carry[15] (net)                                              0.00       4.12 f
  add_chain_15__one_bit_full_adder_inst/c_in (one_bit_full_adder_1)     0.00     4.12 f
  add_chain_15__one_bit_full_adder_inst/c_in (net)                  0.00       4.12 f
  add_chain_15__one_bit_full_adder_inst/U2/ZN (AOI22_X1)     0.10     0.19     4.31 r
  add_chain_15__one_bit_full_adder_inst/n1 (net)     1              0.00       4.31 r
  add_chain_15__one_bit_full_adder_inst/U1/ZN (INV_X1)     0.02     0.04       4.35 f
  add_chain_15__one_bit_full_adder_inst/c_out (net)     1           0.00       4.35 f
  add_chain_15__one_bit_full_adder_inst/c_out (one_bit_full_adder_1)     0.00     4.35 f
  c_out (net)                                                       0.00       4.35 f
  c_out (out)                                             0.02      0.01       4.36 f
  data arrival time                                                            4.36

  clock VCLK (rise edge)                                            5.00       5.00
  clock network delay (ideal)                                       0.00       5.00
  output external delay                                             0.00       5.00
  data required time                                                           5.00
  ---------------------------------------------------------------------------------------------------------
  data required time                                                           5.00
  data arrival time                                                           -4.36
  ---------------------------------------------------------------------------------------------------------
  slack (MET)                                                                  0.64


1
