 
****************************************
Report : area
Design : RCA_adder
Version: I-2013.12-SP5-5
Date   : Thu May 10 19:57:51 2018
****************************************

Library(s) Used:

    NangateOpenCellLibrary (File: /afs/ee.ust.hk/staff/ee/dept/public/elec516/eesm_5020_2017spring/eesm_5020/lib/NangateOpenCellLibrary_PDKv1_3_v2010_12/Front_End/Liberty/NLDM/NangateOpenCellLibrary_slow.db)

Number of ports:                           50
Number of nets:                            65
Number of cells:                           16
Number of combinational cells:              0
Number of sequential cells:                 0
Number of macros/black boxes:               0
Number of buf/inv:                          0
Number of references:                      16

Combinational area:                 80.863999
Buf/Inv area:                        8.512000
Noncombinational area:               0.000000
Macro/Black Box area:                0.000000
Net Interconnect area:      undefined  (Wire load has zero net area)

Total cell area:                    80.863999
Total area:                 undefined
1
