 
****************************************
Report : qor
Design : RCA_adder
Version: I-2013.12-SP5-5
Date   : Thu May 10 19:57:51 2018
****************************************


  Timing Path Group 'FEEDTHROUGH'
  -----------------------------------
  Levels of Logic:              33.00
  Critical Path Length:          4.36
  Critical Path Slack:           0.64
  Critical Path Clk Period:      5.00
  Total Negative Slack:          0.00
  No. of Violating Paths:        0.00
  Worst Hold Violation:          0.00
  Total Hold Violation:          0.00
  No. of Hold Violations:        0.00
  -----------------------------------


  Cell Count
  -----------------------------------
  Hierarchical Cell Count:         16
  Hierarchical Port Count:         80
  Leaf Cell Count:                 64
  Buf/Inv Cell Count:              16
  Buf Cell Count:                   0
  Inv Cell Count:                  16
  CT Buf/Inv Cell Count:            0
  Combinational Cell Count:        64
  Sequential Cell Count:            0
  Macro Count:                      0
  -----------------------------------


  Area
  -----------------------------------
  Combinational Area:       80.863999
  Noncombinational Area:     0.000000
  Buf/Inv Area:              8.512000
  Total Buffer Area:             0.00
  Total Inverter Area:           8.51
  Macro/Black Box Area:      0.000000
  Net Area:                  0.000000
  -----------------------------------
  Cell Area:                80.863999
  Design Area:              80.863999


  Design Rules
  -----------------------------------
  Total Number of Nets:            97
  Nets With Violations:             0
  Max Trans Violations:             0
  Max Cap Violations:               0
  -----------------------------------


  Hostname: EEX109

  Compile CPU Statistics
  -----------------------------------------
  Resource Sharing:                    0.00
  Logic Optimization:                  0.00
  Mapping Optimization:                0.00
  -----------------------------------------
  Overall Compile Time:                1.69
  Overall Compile Wall Clock Time:     3.33

  --------------------------------------------------------------------

  Design  WNS: 0.00  TNS: 0.00  Number of Violating Paths: 0


  Design (Hold)  WNS: 0.00  TNS: 0.00  Number of Violating Paths: 0

  --------------------------------------------------------------------


1
