*----------------------------------------------------------------------------------------
*	Encounter 14.26-s039_1 (64bit) 07/15/2015 11:34 (Linux 2.6.18-194.el5)
*	
*
* 	Date & Time:	2018-May-16 12:07:11 (2018-May-16 04:07:11 GMT)
*
*----------------------------------------------------------------------------------------
*
*	Design: FIR
*
*	Liberty Libraries used: 
*	        /afs/ee.ust.hk/staff/ee/jkangac/Desktop/FIR_FILTER/fir_filter_project/layout/db/FIR_cts.enc.dat/libs/mmmc/NangateOpenCellLibrary_slow.lib
*
*	Power Domain used: 
*		Rail:        VDD 	Voltage:       0.95 
*
*       Power View : analysis_slow
*
*       User-Defined Activity : N.A.
*
*       Activity File: N.A.
*
*       Hierarchical Global Activity: N.A.
*
*       Global Activity: N.A.
*
*       Sequential Element Activity: N.A.
*
*       Primary Input Activity: 0.200000
*
*       Default icg ratio: N.A.
*
*       Global Comb ClockGate Ratio: N.A.
*
*	Power Units = 1mW
*
*	Time Units = 1e-09 secs 
*
*       report_power -outfile reports/FIR.routed.power.rpt
*
-----------------------------------------------------------------------------------------


Total Power 
-----------------------------------------------------------------------------------------
Total Internal Power:        0.06772942 	   43.7514%
Total Switching Power:       0.02830727 	   18.2858%
Total Leakage Power:         0.05876830 	   37.9628%
Total Power:                 0.15480499 
-----------------------------------------------------------------------------------------


Group                           Internal   Switching     Leakage       Total  Percentage 
                                Power      Power         Power         Power  (%)        
-----------------------------------------------------------------------------------------
Sequential                       0.05191    0.004929     0.02694     0.08378       54.12 
Macro                                  0           0           0           0           0 
IO                                     0           0           0           0           0 
Combinational                   0.009189     0.01074     0.03084     0.05078        32.8 
Clock (Combinational)           0.006629     0.01264   0.0009881     0.02025       13.08 
Clock (Sequential)                     0           0           0           0           0 
-----------------------------------------------------------------------------------------
Total                            0.06773     0.02831     0.05877      0.1548         100 
-----------------------------------------------------------------------------------------


Rail                  Voltage   Internal   Switching     Leakage       Total  Percentage 
                                Power      Power         Power         Power  (%)        
-----------------------------------------------------------------------------------------
VDD                      0.95    0.06773     0.02831     0.05877      0.1548         100 


Clock                           Internal   Switching     Leakage       Total  Percentage 
                                Power      Power         Power         Power  (%)        
-----------------------------------------------------------------------------------------
clk                             0.006629     0.01264   0.0009881     0.02025       13.08 
-----------------------------------------------------------------------------------------
Total (excluding duplicates)    0.006629     0.01264   0.0009881     0.02025       13.08 
-----------------------------------------------------------------------------------------


-----------------------------------------------------------------------------------------
*	Power Distribution Summary: 
* 		Highest Average Power:                clk__L1_I0 (CLKBUF_X3): 	 0.0005741 
* 		Highest Leakage Power:                      U288 (OR2_X4): 	  7.51e-05 
* 		Total Cap: 	1.21733e-11 F
* 		Total instances in design:  2269
* 		Total instances in design with no power:     0
*          Total instances in design with no activity:     0
* 		Total Fillers and Decap:     0
-----------------------------------------------------------------------------------------

