 
****************************************
Report : qor
Design : PPA
Version: I-2013.12-SP5-5
Date   : Thu May 10 23:03:50 2018
****************************************


  Timing Path Group 'FEEDTHROUGH'
  -----------------------------------
  Levels of Logic:              32.00
  Critical Path Length:          3.24
  Critical Path Slack:           1.76
  Critical Path Clk Period:      5.00
  Total Negative Slack:          0.00
  No. of Violating Paths:        0.00
  Worst Hold Violation:          0.00
  Total Hold Violation:          0.00
  No. of Hold Violations:        0.00
  -----------------------------------


  Cell Count
  -----------------------------------
  Hierarchical Cell Count:         74
  Hierarchical Port Count:        332
  Leaf Cell Count:                158
  Buf/Inv Cell Count:              42
  Buf Cell Count:                   0
  Inv Cell Count:                  42
  CT Buf/Inv Cell Count:            0
  Combinational Cell Count:       158
  Sequential Cell Count:            0
  Macro Count:                      0
  -----------------------------------


  Area
  -----------------------------------
  Combinational Area:      162.792000
  Noncombinational Area:     0.000000
  Buf/Inv Area:             22.344000
  Total Buffer Area:             0.00
  Total Inverter Area:          22.34
  Macro/Black Box Area:      0.000000
  Net Area:                  0.000000
  -----------------------------------
  Cell Area:               162.792000
  Design Area:             162.792000


  Design Rules
  -----------------------------------
  Total Number of Nets:           191
  Nets With Violations:             0
  Max Trans Violations:             0
  Max Cap Violations:               0
  -----------------------------------


  Hostname: EEX109

  Compile CPU Statistics
  -----------------------------------------
  Resource Sharing:                    0.00
  Logic Optimization:                  0.00
  Mapping Optimization:                0.00
  -----------------------------------------
  Overall Compile Time:                1.57
  Overall Compile Wall Clock Time:     3.24

  --------------------------------------------------------------------

  Design  WNS: 0.00  TNS: 0.00  Number of Violating Paths: 0


  Design (Hold)  WNS: 0.00  TNS: 0.00  Number of Violating Paths: 0

  --------------------------------------------------------------------


1
