 
****************************************
Report : area
Design : Hiera_CLA
Version: I-2013.12-SP5-5
Date   : Thu May 10 20:40:43 2018
****************************************

Library(s) Used:

    NangateOpenCellLibrary (File: /afs/ee.ust.hk/staff/ee/dept/public/elec516/eesm_5020_2017spring/eesm_5020/lib/NangateOpenCellLibrary_PDKv1_3_v2010_12/Front_End/Liberty/NLDM/NangateOpenCellLibrary_slow.db)

Number of ports:                           50
Number of nets:                            61
Number of cells:                            8
Number of combinational cells:              0
Number of sequential cells:                 0
Number of macros/black boxes:               0
Number of buf/inv:                          0
Number of references:                       8

Combinational area:                119.167999
Buf/Inv area:                       14.896000
Noncombinational area:               0.000000
Macro/Black Box area:                0.000000
Net Interconnect area:      undefined  (Wire load has zero net area)

Total cell area:                   119.167999
Total area:                 undefined
1
