Information: Propagating switching activity (low effort zero delay simulation). (PWR-6)
Warning: Design has unannotated primary inputs. (PWR-414)
Warning: Design has unannotated sequential cell outputs. (PWR-415)
 
****************************************
Report : power
        -analysis_effort low
Design : FIR_4TAP
Version: I-2013.12-SP5-5
Date   : Fri May 11 23:37:19 2018
****************************************


Library(s) Used:

    NangateOpenCellLibrary (File: /afs/ee.ust.hk/staff/ee/dept/public/elec516/eesm_5020_2017spring/eesm_5020/lib/NangateOpenCellLibrary_PDKv1_3_v2010_12/Front_End/Liberty/NLDM/NangateOpenCellLibrary_slow.db)


Operating Conditions: slow   Library: NangateOpenCellLibrary
Wire Load Model Mode: top

Design        Wire Load Model            Library
------------------------------------------------
FIR_4TAP               5K_hvratio_1_1    NangateOpenCellLibrary


Global Operating Voltage = 0.95 
Power-specific unit information :
    Voltage Units = 1V
    Capacitance Units = 1.000000ff
    Time Units = 1ns
    Dynamic Power Units = 1uW    (derived from V,C,T units)
    Leakage Power Units = 1nW


  Cell Internal Power  =  48.4448 nW   (93%)
  Net Switching Power  =   3.5300 nW    (7%)
                         ---------
Total Dynamic Power    =  51.9747 nW  (100%)

Cell Leakage Power     =  16.6433 uW


                 Internal         Switching           Leakage            Total
Power Group      Power            Power               Power              Power   (   %    )  Attrs
--------------------------------------------------------------------------------------------------
io_pad             0.0000            0.0000            0.0000            0.0000  (   0.00%)
memory             0.0000            0.0000            0.0000            0.0000  (   0.00%)
black_box          0.0000            0.0000            0.0000            0.0000  (   0.00%)
clock_network      0.0000            0.0000            0.0000            0.0000  (   0.00%)
register       4.6300e-02        2.0051e-03        9.7820e+03            9.8303  (  58.88%)
sequential         0.0000            0.0000            0.0000            0.0000  (   0.00%)
combinational  2.1450e-03        1.5248e-03        6.8613e+03            6.8650  (  41.12%)
--------------------------------------------------------------------------------------------------
Total          4.8445e-02 uW     3.5300e-03 uW     1.6643e+04 nW        16.6953 uW
1
